\BOOKMARK [0][-]{chapter.1}{\376\377\0001\000\040\000R\000E\000A\000D\000M\000E}{}% 1
\BOOKMARK [0][-]{chapter.2}{\376\377\0002\000\040\000H\000i\000e\000r\000a\000r\000c\000h\000i\000c\000a\000l\000\040\000I\000n\000d\000e\000x}{}% 2
\BOOKMARK [1][-]{section.2.1}{\376\377\0002\000.\0001\000\040\000C\000l\000a\000s\000s\000\040\000H\000i\000e\000r\000a\000r\000c\000h\000y}{chapter.2}% 3
\BOOKMARK [0][-]{chapter.3}{\376\377\0003\000\040\000C\000l\000a\000s\000s\000\040\000I\000n\000d\000e\000x}{}% 4
\BOOKMARK [1][-]{section.3.1}{\376\377\0003\000.\0001\000\040\000C\000l\000a\000s\000s\000\040\000L\000i\000s\000t}{chapter.3}% 5
\BOOKMARK [0][-]{chapter.4}{\376\377\0004\000\040\000C\000l\000a\000s\000s\000\040\000D\000o\000c\000u\000m\000e\000n\000t\000a\000t\000i\000o\000n}{}% 6
\BOOKMARK [1][-]{section.4.1}{\376\377\0004\000.\0001\000\040\000B\000l\000o\000c\000k\000i\000n\000g\000Q\000u\000e\000u\000e\000<\000\040\000T\000\040\000>\000\040\000C\000l\000a\000s\000s\000\040\000T\000e\000m\000p\000l\000a\000t\000e\000\040\000R\000e\000f\000e\000r\000e\000n\000c\000e}{chapter.4}% 7
\BOOKMARK [2][-]{subsection.4.1.1}{\376\377\0004\000.\0001\000.\0001\000\040\000D\000e\000t\000a\000i\000l\000e\000d\000\040\000D\000e\000s\000c\000r\000i\000p\000t\000i\000o\000n}{section.4.1}% 8
\BOOKMARK [2][-]{subsection.4.1.2}{\376\377\0004\000.\0001\000.\0002\000\040\000C\000o\000n\000s\000t\000r\000u\000c\000t\000o\000r\000\040\000\046\000\040\000D\000e\000s\000t\000r\000u\000c\000t\000o\000r\000\040\000D\000o\000c\000u\000m\000e\000n\000t\000a\000t\000i\000o\000n}{section.4.1}% 9
\BOOKMARK [3][-]{subsubsection.4.1.2.1}{\376\377\0004\000.\0001\000.\0002\000.\0001\000\040\000B\000l\000o\000c\000k\000i\000n\000g\000Q\000u\000e\000u\000e\000\050\000\051}{subsection.4.1.2}% 10
\BOOKMARK [3][-]{subsubsection.4.1.2.2}{\376\377\0004\000.\0001\000.\0002\000.\0002\000\040\000B\000l\000o\000c\000k\000i\000n\000g\000Q\000u\000e\000u\000e\000\050\000s\000t\000d\000:\000:\000s\000i\000z\000e\000t\000\040\000c\000a\000p\000a\000c\000i\000t\000y\000\051}{subsection.4.1.2}% 11
\BOOKMARK [2][-]{subsection.4.1.3}{\376\377\0004\000.\0001\000.\0003\000\040\000M\000e\000m\000b\000e\000r\000\040\000F\000u\000n\000c\000t\000i\000o\000n\000\040\000D\000o\000c\000u\000m\000e\000n\000t\000a\000t\000i\000o\000n}{section.4.1}% 12
\BOOKMARK [3][-]{subsubsection.4.1.3.1}{\376\377\0004\000.\0001\000.\0003\000.\0001\000\040\000B\000a\000c\000k\000\050\000\051}{subsection.4.1.3}% 13
\BOOKMARK [3][-]{subsubsection.4.1.3.2}{\376\377\0004\000.\0001\000.\0003\000.\0002\000\040\000E\000m\000p\000t\000y\000\050\000\051}{subsection.4.1.3}% 14
\BOOKMARK [3][-]{subsubsection.4.1.3.3}{\376\377\0004\000.\0001\000.\0003\000.\0003\000\040\000F\000r\000o\000n\000t\000\050\000\051}{subsection.4.1.3}% 15
\BOOKMARK [3][-]{subsubsection.4.1.3.4}{\376\377\0004\000.\0001\000.\0003\000.\0004\000\040\000P\000u\000t\000\050\000c\000o\000n\000s\000t\000\040\000T\000\040\000t\000a\000s\000k\000\051}{subsection.4.1.3}% 16
\BOOKMARK [3][-]{subsubsection.4.1.3.5}{\376\377\0004\000.\0001\000.\0003\000.\0005\000\040\000S\000e\000t\000C\000a\000p\000a\000c\000i\000t\000y\000\050\000c\000o\000n\000s\000t\000\040\000s\000i\000z\000e\000t\000\040\000c\000a\000p\000a\000c\000i\000t\000y\000\051}{subsection.4.1.3}% 17
\BOOKMARK [3][-]{subsubsection.4.1.3.6}{\376\377\0004\000.\0001\000.\0003\000.\0006\000\040\000S\000i\000z\000e\000\050\000\051}{subsection.4.1.3}% 18
\BOOKMARK [3][-]{subsubsection.4.1.3.7}{\376\377\0004\000.\0001\000.\0003\000.\0007\000\040\000T\000a\000k\000e\000\050\000\051}{subsection.4.1.3}% 19
\BOOKMARK [1][-]{section.4.2}{\376\377\0004\000.\0002\000\040\000c\000l\000i\000e\000n\000t\000D\000a\000t\000a\000\040\000C\000l\000a\000s\000s\000\040\000R\000e\000f\000e\000r\000e\000n\000c\000e}{chapter.4}% 20
\BOOKMARK [1][-]{section.4.3}{\376\377\0004\000.\0003\000\040\000C\000o\000n\000c\000u\000r\000r\000e\000n\000t\000D\000a\000t\000a\000S\000h\000a\000r\000e\000r\000\040\000C\000l\000a\000s\000s\000\040\000R\000e\000f\000e\000r\000e\000n\000c\000e}{chapter.4}% 21
\BOOKMARK [2][-]{subsection.4.3.1}{\376\377\0004\000.\0003\000.\0001\000\040\000D\000e\000t\000a\000i\000l\000e\000d\000\040\000D\000e\000s\000c\000r\000i\000p\000t\000i\000o\000n}{section.4.3}% 22
\BOOKMARK [2][-]{subsection.4.3.2}{\376\377\0004\000.\0003\000.\0002\000\040\000C\000o\000n\000s\000t\000r\000u\000c\000t\000o\000r\000\040\000\046\000\040\000D\000e\000s\000t\000r\000u\000c\000t\000o\000r\000\040\000D\000o\000c\000u\000m\000e\000n\000t\000a\000t\000i\000o\000n}{section.4.3}% 23
\BOOKMARK [3][-]{subsubsection.4.3.2.1}{\376\377\0004\000.\0003\000.\0002\000.\0001\000\040\000C\000o\000n\000c\000u\000r\000r\000e\000n\000t\000D\000a\000t\000a\000S\000h\000a\000r\000e\000r\000\050\000s\000t\000d\000:\000:\000s\000t\000r\000i\000n\000g\000\040\000c\000o\000n\000s\000t\000\040\000g\000r\000o\000u\000p\000n\000a\000m\000e\000,\000\040\000s\000t\000d\000:\000:\000s\000t\000r\000i\000n\000g\000\040\000c\000o\000n\000s\000t\000\040\000m\000u\000l\000t\000i\000c\000a\000s\000t\000a\000d\000r\000e\000s\000s\000=\000"\0002\0003\0009\000.\0002\0005\0005\000.\0000\000.\0001\000"\000,\000\040\000s\000t\000d\000:\000:\000s\000t\000r\000i\000n\000g\000\040\000c\000o\000n\000s\000t\000\040\000l\000i\000s\000t\000e\000n\000a\000d\000r\000e\000s\000s\000=\000"\0000\000.\0000\000.\0000\000.\0000\000"\000,\000\040\000c\000o\000n\000s\000t\000\040\000s\000h\000o\000r\000t\000\040\000m\000u\000l\000t\000i\000c\000a\000s\000t\000p\000o\000r\000t\000=\0003\0000\0000\0000\0001\000\051}{subsection.4.3.2}% 24
\BOOKMARK [3][-]{subsubsection.4.3.2.2}{\376\377\0004\000.\0003\000.\0002\000.\0002\000\040\000\040\000C\000o\000n\000c\000u\000r\000r\000e\000n\000t\000D\000a\000t\000a\000S\000h\000a\000r\000e\000r\000\050\000\051}{subsection.4.3.2}% 25
\BOOKMARK [2][-]{subsection.4.3.3}{\376\377\0004\000.\0003\000.\0003\000\040\000M\000e\000m\000b\000e\000r\000\040\000F\000u\000n\000c\000t\000i\000o\000n\000\040\000D\000o\000c\000u\000m\000e\000n\000t\000a\000t\000i\000o\000n}{section.4.3}% 26
\BOOKMARK [3][-]{subsubsection.4.3.3.1}{\376\377\0004\000.\0003\000.\0003\000.\0001\000\040\000g\000e\000t\000\050\000s\000t\000d\000:\000:\000s\000t\000r\000i\000n\000g\000\040\000c\000o\000n\000s\000t\000\040\000n\000a\000m\000e\000\051}{subsection.4.3.3}% 27
\BOOKMARK [3][-]{subsubsection.4.3.3.2}{\376\377\0004\000.\0003\000.\0003\000.\0002\000\040\000g\000e\000t\000\050\000s\000t\000d\000:\000:\000s\000t\000r\000i\000n\000g\000\040\000c\000o\000n\000s\000t\000\040\000c\000l\000i\000e\000n\000t\000,\000\040\000s\000t\000d\000:\000:\000s\000t\000r\000i\000n\000g\000\040\000c\000o\000n\000s\000t\000\040\000n\000a\000m\000e\000\051}{subsection.4.3.3}% 28
\BOOKMARK [3][-]{subsubsection.4.3.3.3}{\376\377\0004\000.\0003\000.\0003\000.\0003\000\040\000g\000e\000t\000C\000l\000i\000e\000n\000t\000s\000\050\000\051}{subsection.4.3.3}% 29
\BOOKMARK [3][-]{subsubsection.4.3.3.4}{\376\377\0004\000.\0003\000.\0003\000.\0004\000\040\000g\000e\000t\000C\000l\000i\000e\000n\000t\000V\000a\000r\000i\000a\000b\000l\000e\000s\000\050\000s\000t\000d\000:\000:\000s\000t\000r\000i\000n\000g\000\040\000c\000o\000n\000s\000t\000\040\000c\000l\000i\000e\000n\000t\000\051}{subsection.4.3.3}% 30
\BOOKMARK [3][-]{subsubsection.4.3.3.5}{\376\377\0004\000.\0003\000.\0003\000.\0005\000\040\000g\000e\000t\000M\000y\000N\000a\000m\000e\000\050\000\051}{subsection.4.3.3}% 31
\BOOKMARK [3][-]{subsubsection.4.3.3.6}{\376\377\0004\000.\0003\000.\0003\000.\0006\000\040\000r\000e\000g\000i\000s\000t\000e\000r\000C\000a\000l\000l\000b\000a\000c\000k\000\050\000s\000t\000d\000:\000:\000s\000t\000r\000i\000n\000g\000\040\000c\000o\000n\000s\000t\000\040\000n\000a\000m\000e\000,\000\040\000C\000a\000l\000l\000b\000a\000c\000k\000S\000i\000g\000\040\000f\000u\000n\000c\000\051}{subsection.4.3.3}% 32
\BOOKMARK [3][-]{subsubsection.4.3.3.7}{\376\377\0004\000.\0003\000.\0003\000.\0007\000\040\000r\000e\000g\000i\000s\000t\000e\000r\000N\000e\000w\000C\000l\000i\000e\000n\000t\000C\000a\000l\000l\000b\000a\000c\000k\000\050\000C\000a\000l\000l\000b\000a\000c\000k\000S\000i\000g\000\040\000f\000u\000n\000c\000\051}{subsection.4.3.3}% 33
\BOOKMARK [3][-]{subsubsection.4.3.3.8}{\376\377\0004\000.\0003\000.\0003\000.\0008\000\040\000s\000e\000t\000\050\000s\000t\000d\000:\000:\000s\000t\000r\000i\000n\000g\000\040\000c\000o\000n\000s\000t\000\040\000n\000a\000m\000e\000,\000\040\000T\000\040\000d\000a\000t\000a\000\051}{subsection.4.3.3}% 34
\BOOKMARK [1][-]{section.4.4}{\376\377\0004\000.\0004\000\040\000D\000a\000t\000a\000B\000a\000s\000e\000E\000l\000e\000m\000e\000n\000t\000\040\000C\000l\000a\000s\000s\000\040\000R\000e\000f\000e\000r\000e\000n\000c\000e}{chapter.4}% 35
\BOOKMARK [1][-]{section.4.5}{\376\377\0004\000.\0005\000\040\000Q\000u\000e\000u\000e\000E\000l\000e\000m\000e\000n\000t\000B\000a\000s\000e\000\040\000C\000l\000a\000s\000s\000\040\000R\000e\000f\000e\000r\000e\000n\000c\000e}{chapter.4}% 36
\BOOKMARK [1][-]{section.4.6}{\376\377\0004\000.\0006\000\040\000Q\000u\000e\000u\000e\000E\000l\000e\000m\000e\000n\000t\000C\000a\000l\000l\000b\000a\000c\000k\000\040\000C\000l\000a\000s\000s\000\040\000R\000e\000f\000e\000r\000e\000n\000c\000e}{chapter.4}% 37
\BOOKMARK [1][-]{section.4.7}{\376\377\0004\000.\0007\000\040\000Q\000u\000e\000u\000e\000E\000l\000e\000m\000e\000n\000t\000G\000e\000t\000\040\000C\000l\000a\000s\000s\000\040\000R\000e\000f\000e\000r\000e\000n\000c\000e}{chapter.4}% 38
\BOOKMARK [1][-]{section.4.8}{\376\377\0004\000.\0008\000\040\000Q\000u\000e\000u\000e\000E\000l\000e\000m\000e\000n\000t\000M\000u\000l\000t\000i\000S\000e\000n\000d\000\040\000C\000l\000a\000s\000s\000\040\000R\000e\000f\000e\000r\000e\000n\000c\000e}{chapter.4}% 39
\BOOKMARK [1][-]{section.4.9}{\376\377\0004\000.\0009\000\040\000Q\000u\000e\000u\000e\000E\000l\000e\000m\000e\000n\000t\000S\000e\000t\000\040\000C\000l\000a\000s\000s\000\040\000R\000e\000f\000e\000r\000e\000n\000c\000e}{chapter.4}% 40
\BOOKMARK [1][-]{section.4.10}{\376\377\0004\000.\0001\0000\000\040\000Q\000u\000e\000u\000e\000E\000l\000e\000m\000e\000n\000t\000T\000C\000P\000S\000e\000n\000d\000\040\000C\000l\000a\000s\000s\000\040\000R\000e\000f\000e\000r\000e\000n\000c\000e}{chapter.4}% 41
\BOOKMARK [0][-]{section*.33}{\376\377\000I\000n\000d\000e\000x}{}% 42
